#
# There is insufficient memory for the Java Runtime Environment to continue.
# Native memory allocation (mmap) failed to map 67108864 bytes for G1 virtual space
# Possible reasons:
#   The system is out of physical RAM or swap space
#   The process is running with CompressedOops enabled, and the Java Heap may be blocking the growth of the native heap
# Possible solutions:
#   Reduce memory load on the system
#   Increase physical memory or swap space
#   Check if swap backing store is full
#   Decrease Java heap size (-Xmx/-Xms)
#   Decrease number of Java threads
#   Decrease Java thread stack sizes (-Xss)
#   Set larger code cache with -XX:ReservedCodeCacheSize=
#   JVM is running with Unscaled Compressed Oops mode in which the Java heap is
#     placed in the first 4GB address space. The Java Heap base address is the
#     maximum limit for the native heap growth. Please use -XX:HeapBaseMinAddress
#     to set the Java Heap base and to place the Java Heap above 4GB virtual address.
# This output file may be truncated or incomplete.
#
#  Out of Memory Error (os_windows.cpp:3825), pid=5924, tid=2860
#
# JRE version:  (17.0.10+8) (build )
# Java VM: OpenJDK 64-Bit Server VM (17.0.10+8-b1207.12, mixed mode, sharing, tiered, compressed oops, compressed class ptrs, g1 gc, windows-amd64)
# No core dump will be written. Minidumps are not enabled by default on client versions of Windows
#

---------------  S U M M A R Y ------------

Command Line: git4idea.http.GitAskPassApp Username for 'https://github.com': 

Host: Intel(R) Core(TM) i3-8145U CPU @ 2.10GHz, 4 cores, 3G,  Windows 10 , 64 bit Build 19041 (10.0.19041.3636)
Time: Thu May  2 16:59:22 2024  Windows 10 , 64 bit Build 19041 (10.0.19041.3636) elapsed time: 0.041365 seconds (0d 0h 0m 0s)

---------------  T H R E A D  ---------------

Current thread (0x0000022bce330bc0):  JavaThread "Unknown thread" [_thread_in_vm, id=2860, stack(0x000000ad7b900000,0x000000ad7ba00000)]

Stack: [0x000000ad7b900000,0x000000ad7ba00000]
Native frames: (J=compiled Java code, j=interpreted, Vv=VM code, C=native code)
V  [jvm.dll+0x687989]
V  [jvm.dll+0x84116a]
V  [jvm.dll+0x842dae]
V  [jvm.dll+0x843413]
V  [jvm.dll+0x249ccf]
V  [jvm.dll+0x684759]
V  [jvm.dll+0x67900a]
V  [jvm.dll+0x30ab0b]
V  [jvm.dll+0x311fb6]
V  [jvm.dll+0x361d5e]
V  [jvm.dll+0x361f8f]
V  [jvm.dll+0x2e07f8]
V  [jvm.dll+0x2e1764]
V  [jvm.dll+0x811c31]
V  [jvm.dll+0x36fc11]
V  [jvm.dll+0x7f0666]
V  [jvm.dll+0x3f3daf]
V  [jvm.dll+0x3f5a41]
C  [jli.dll+0x528f]
C  [ucrtbase.dll+0x21bb2]
C  [KERNEL32.DLL+0x17344]
C  [ntdll.dll+0x526b1]


---------------  P R O C E S S  ---------------

Threads class SMR info:
_java_thread_list=0x00007ffca05fdf58, length=0, elements={
}

Java Threads: ( => current thread )

Other Threads:
  0x0000022bce36a980 GCTaskThread "GC Thread#0" [stack: 0x000000ad7ba00000,0x000000ad7bb00000] [id=11328]
  0x0000022bce374bd0 ConcurrentGCThread "G1 Main Marker" [stack: 0x000000ad7bb00000,0x000000ad7bc00000] [id=10292]
  0x0000022bce375500 ConcurrentGCThread "G1 Conc#0" [stack: 0x000000ad7bc00000,0x000000ad7bd00000] [id=12696]

[error occurred during error reporting (printing all threads), id 0xc0000005, EXCEPTION_ACCESS_VIOLATION (0xc0000005) at pc=0x00007ffc9fdb13c7]

VM state: not at safepoint (not fully initialized)

VM Mutex/Monitor currently owned by a thread:  ([mutex/lock_event])
[0x0000022bce32a820] Heap_lock - owner thread: 0x0000022bce330bc0

Heap address: 0x00000000c1e00000, size: 994 MB, Compressed Oops mode: 32-bit

CDS archive(s) mapped at: [0x0000000000000000-0x0000000000000000-0x0000000000000000), size 0, SharedBaseAddress: 0x0000000800000000, ArchiveRelocationMode: 1.
Narrow klass base: 0x0000000000000000, Narrow klass shift: 0, Narrow klass range: 0x0

GC Precious Log:
<Empty>

Heap:
 garbage-first heap   total 0K, used 0K [0x00000000c1e00000, 0x0000000100000000)
  region size 1024K, 0 young (0K), 0 survivors (0K)
 Metaspace       used 0K, committed 0K, reserved 0K
  class space    used 0K, committed 0K, reserved 0K

Heap Regions: E=young(eden), S=young(survivor), O=old, HS=humongous(starts), HC=humongous(continues), CS=collection set, F=free, OA=open archive, CA=closed archive, TAMS=top-at-mark-start (previous, next)

Card table byte_map: [0x0000022be0cb0000,0x0000022be0eb0000] _byte_map_base: 0x0000022be06a1000

Marking Bits (Prev, Next): (CMBitMap*) 0x0000022bce36bec0, (CMBitMap*) 0x0000022bce36bf00
 Prev Bits: [0x0000022be10b0000, 0x0000022be2038000)
 Next Bits: [0x0000022be2040000, 0x0000022be2fc8000)

GC Heap History (0 events):
No events

Dll operation events (1 events):
Event: 0.021 Loaded shared library C:\Program Files\JetBrains\IntelliJ IDEA 2024.1\jbr\bin\java.dll

Deoptimization events (0 events):
No events

Classes unloaded (0 events):
No events

Classes redefined (0 events):
No events

Internal exceptions (0 events):
No events

VM Operations (0 events):
No events

Events (0 events):
No events


Dynamic libraries:
0x00007ff69a870000 - 0x00007ff69a87a000 	C:\Program Files\JetBrains\IntelliJ IDEA 2024.1\jbr\bin\java.exe
0x00007ffcde410000 - 0x00007ffcde608000 	C:\Windows\SYSTEM32\ntdll.dll
0x00007ffcdca60000 - 0x00007ffcdcb1d000 	C:\Windows\System32\KERNEL32.DLL
0x00007ffcdbac0000 - 0x00007ffcdbdb6000 	C:\Windows\System32\KERNELBASE.dll
0x00007ffcdbf50000 - 0x00007ffcdc050000 	C:\Windows\System32\ucrtbase.dll
0x00007ffcd5690000 - 0x00007ffcd56ab000 	C:\Program Files\JetBrains\IntelliJ IDEA 2024.1\jbr\bin\VCRUNTIME140.dll
0x00007ffcd3a80000 - 0x00007ffcd3a97000 	C:\Program Files\JetBrains\IntelliJ IDEA 2024.1\jbr\bin\jli.dll
0x00007ffcdc440000 - 0x00007ffcdc5df000 	C:\Windows\System32\USER32.dll
0x00007ffcdc410000 - 0x00007ffcdc432000 	C:\Windows\System32\win32u.dll
0x00007ffcdd170000 - 0x00007ffcdd19b000 	C:\Windows\System32\GDI32.dll
0x00007ffcdbdc0000 - 0x00007ffcdbed7000 	C:\Windows\System32\gdi32full.dll
0x00007ffcc85c0000 - 0x00007ffcc885a000 	C:\Windows\WinSxS\amd64_microsoft.windows.common-controls_6595b64144ccf1df_6.0.19041.3636_none_60b6a03d71f818d5\COMCTL32.dll
0x00007ffcdc050000 - 0x00007ffcdc0ed000 	C:\Windows\System32\msvcp_win.dll
0x00007ffcdc790000 - 0x00007ffcdc82e000 	C:\Windows\System32\msvcrt.dll
0x00007ffcdcd80000 - 0x00007ffcdcdb2000 	C:\Windows\System32\IMM32.DLL
0x00007ffcd71b0000 - 0x00007ffcd71bc000 	C:\Program Files\JetBrains\IntelliJ IDEA 2024.1\jbr\bin\vcruntime140_1.dll
0x00007ffcc77f0000 - 0x00007ffcc787d000 	C:\Program Files\JetBrains\IntelliJ IDEA 2024.1\jbr\bin\msvcp140.dll
0x00007ffc9fac0000 - 0x00007ffca0742000 	C:\Program Files\JetBrains\IntelliJ IDEA 2024.1\jbr\bin\server\jvm.dll
0x00007ffcdcbf0000 - 0x00007ffcdcca0000 	C:\Windows\System32\ADVAPI32.dll
0x00007ffcde210000 - 0x00007ffcde2b0000 	C:\Windows\System32\sechost.dll
0x00007ffcdcdc0000 - 0x00007ffcdcee3000 	C:\Windows\System32\RPCRT4.dll
0x00007ffcdc250000 - 0x00007ffcdc277000 	C:\Windows\System32\bcrypt.dll
0x00007ffcc09d0000 - 0x00007ffcc09f7000 	C:\Windows\SYSTEM32\WINMM.dll
0x00007ffcdb920000 - 0x00007ffcdb96b000 	C:\Windows\SYSTEM32\POWRPROF.dll
0x00007ffcd0310000 - 0x00007ffcd031a000 	C:\Windows\SYSTEM32\VERSION.dll
0x00007ffcbb510000 - 0x00007ffcbb519000 	C:\Windows\SYSTEM32\WSOCK32.dll
0x00007ffcdcb20000 - 0x00007ffcdcb8b000 	C:\Windows\System32\ws2_32.DLL
0x00007ffcdb900000 - 0x00007ffcdb912000 	C:\Windows\SYSTEM32\UMPDC.dll
0x00007ffcda2e0000 - 0x00007ffcda2f2000 	C:\Windows\SYSTEM32\kernel.appcore.dll
0x00007ffcd7160000 - 0x00007ffcd716a000 	C:\Program Files\JetBrains\IntelliJ IDEA 2024.1\jbr\bin\jimage.dll
0x00007ffcd96e0000 - 0x00007ffcd98c4000 	C:\Windows\SYSTEM32\DBGHELP.DLL
0x00007ffcc27f0000 - 0x00007ffcc2824000 	C:\Windows\SYSTEM32\dbgcore.DLL
0x00007ffcdc2d0000 - 0x00007ffcdc352000 	C:\Windows\System32\bcryptPrimitives.dll
0x00007ffcd5f80000 - 0x00007ffcd5fa5000 	C:\Program Files\JetBrains\IntelliJ IDEA 2024.1\jbr\bin\java.dll

dbghelp: loaded successfully - version: 4.0.5 - missing functions: none
symbol engine: initialized successfully - sym options: 0x614 - pdb path: .;C:\Program Files\JetBrains\IntelliJ IDEA 2024.1\jbr\bin;C:\Windows\SYSTEM32;C:\Windows\WinSxS\amd64_microsoft.windows.common-controls_6595b64144ccf1df_6.0.19041.3636_none_60b6a03d71f818d5;C:\Program Files\JetBrains\IntelliJ IDEA 2024.1\jbr\bin\server

VM Arguments:
java_command: git4idea.http.GitAskPassApp Username for 'https://github.com': 
java_class_path (initial): C:/Program Files/JetBrains/IntelliJ IDEA 2024.1/plugins/vcs-git/lib/git4idea-rt.jar;C:/Program Files/JetBrains/IntelliJ IDEA 2024.1/lib/externalProcess-rt.jar
Launcher Type: SUN_STANDARD

[Global flags]
     intx CICompilerCount                          = 3                                         {product} {ergonomic}
     uint ConcGCThreads                            = 1                                         {product} {ergonomic}
     uint G1ConcRefinementThreads                  = 4                                         {product} {ergonomic}
   size_t G1HeapRegionSize                         = 1048576                                   {product} {ergonomic}
    uintx GCDrainStackTargetSize                   = 64                                        {product} {ergonomic}
   size_t InitialHeapSize                          = 67108864                                  {product} {ergonomic}
   size_t MarkStackSize                            = 4194304                                   {product} {ergonomic}
   size_t MaxHeapSize                              = 1042284544                                {product} {ergonomic}
   size_t MinHeapDeltaBytes                        = 1048576                                   {product} {ergonomic}
   size_t MinHeapSize                              = 8388608                                   {product} {ergonomic}
    uintx NonNMethodCodeHeapSize                   = 5832780                                {pd product} {ergonomic}
    uintx NonProfiledCodeHeapSize                  = 122912730                              {pd product} {ergonomic}
    uintx ProfiledCodeHeapSize                     = 122912730                              {pd product} {ergonomic}
    uintx ReservedCodeCacheSize                    = 251658240                              {pd product} {ergonomic}
     bool SegmentedCodeCache                       = true                                      {product} {ergonomic}
   size_t SoftMaxHeapSize                          = 1042284544                             {manageable} {ergonomic}
     bool UseCompressedClassPointers               = true                           {product lp64_product} {ergonomic}
     bool UseCompressedOops                        = true                           {product lp64_product} {ergonomic}
     bool UseG1GC                                  = true                                      {product} {ergonomic}
     bool UseLargePagesIndividualAllocation        = false                                  {pd product} {ergonomic}

Logging:
Log output configuration:
 #0: stdout all=warning uptime,level,tags
 #1: stderr all=off uptime,level,tags

Environment Variables:
PATH=C:/Program Files/Git/mingw64/libexec/git-core;C:/Program Files/Git/mingw64/libexec/git-core;C:\Program Files\Git\mingw64\bin;C:\Program Files\Git\usr\bin;C:\Users\Настя\bin;C:\Windows\system32;C:\Windows;C:\Windows\System32\Wbem;C:\Windows\System32\WindowsPowerShell\v1.0\;C:\Windows\System32\OpenSSH\;C:\Program Files\Git\cmd;C:\Users\Настя\AppData\Local\Microsoft\WindowsApps;C:\Users\Настя\AppData\Local\GitHubDesktop\bin;C:\Users\Настя\AppData\Local\JetBrains\Toolbox\scripts
USERNAME=Настя
DISPLAY=:0.0
LC_ALL=en_US.UTF-8
TERM=xterm-256color
TMPDIR=C:\Users\5B3B~1\AppData\Local\Temp
OS=Windows_NT
PROCESSOR_IDENTIFIER=Intel64 Family 6 Model 142 Stepping 12, GenuineIntel
TMP=C:\Users\5B3B~1\AppData\Local\Temp
TEMP=C:\Users\5B3B~1\AppData\Local\Temp



Periodic native trim disabled

JNI global refs:
JNI global refs: 0, weak refs: 0

JNI global refs memory usage: 0, weak refs: 0

OOME stack traces (most recent first):
Classloader memory used:


---------------  S Y S T E M  ---------------

OS:
 Windows 10 , 64 bit Build 19041 (10.0.19041.3636)
OS uptime: 6 days 21:38 hours

CPU: total 4 (initial active 4) (2 cores per cpu, 2 threads per core) family 6 model 142 stepping 12 microcode 0xf8, cx8, cmov, fxsr, ht, mmx, 3dnowpref, sse, sse2, sse3, ssse3, sse4.1, sse4.2, popcnt, lzcnt, tsc, tscinvbit, avx, avx2, aes, erms, clmul, bmi1, bmi2, adx, fma, vzeroupper, clflush, clflushopt
Processor Information for all 4 processors :
  Max Mhz: 2304, Current Mhz: 2103, Mhz Limit: 2096

Memory: 4k page, system-wide physical 3972M (256M free)
TotalPageFile size 10142M (AvailPageFile size 61M)
current process WorkingSet (physical memory assigned to process): 9M, peak: 9M
current process commit charge ("private bytes"): 51M, peak: 115M

vm_info: OpenJDK 64-Bit Server VM (17.0.10+8-b1207.12) for windows-amd64 JRE (17.0.10+8-b1207.12), built on 2024-03-15 by "builduser" with MS VC++ 16.10 / 16.11 (VS2019)

END.
